<?xml version="1.0" encoding="UTF-8"?>
<!-- Generated by org.testng.reporters.JUnitXMLReporter -->
<testsuite hostname="DESKTOP-PJTEI91" name="Default test" tests="1" failures="0" timestamp="1 Jul 2020 05:52:33 GMT" time="170.999" errors="0">
  <testcase name="@BeforeMethod setUp" time="0.0" classname="com.qa.testcases.Assignment1Ques1">
    <failure type="org.openqa.selenium.WebDriverException" message="unknown error: DevToolsActivePort file doesn&amp;apos;t exist
Build info: version: &amp;apos;3.141.59&amp;apos;, revision: &amp;apos;e82be7d358&amp;apos;, time: &amp;apos;2018-11-14T08:17:03&amp;apos;
System info: host: &amp;apos;DESKTOP-PJTEI91&amp;apos;, ip: &amp;apos;192.168.0.102&amp;apos;, os.name: &amp;apos;Windows 10&amp;apos;, os.arch: &amp;apos;amd64&amp;apos;, os.version: &amp;apos;10.0&amp;apos;, java.version: &amp;apos;1.8.0_144&amp;apos;
Driver info: driver.version: ChromeDriver
remote stacktrace: Backtrace:
	Ordinal0 [0x005A9563+2725219]
	Ordinal0 [0x004A8551+1672529]
	Ordinal0 [0x00390359+525145]
	Ordinal0 [0x003201A9+65961]
	Ordinal0 [0x0031D2A8+53928]
	Ordinal0 [0x0033CC37+183351]
	Ordinal0 [0x0033CA3D+182845]
	Ordinal0 [0x0033A94B+174411]
	Ordinal0 [0x00322528+75048]
	Ordinal0 [0x003235A0+79264]
	Ordinal0 [0x00323539+79161]
	Ordinal0 [0x004BD607+1758727]
	GetHandleVerifier [0x006C6546+1050150]
	GetHandleVerifier [0x006C6291+1049457]
	GetHandleVerifier [0x006D10D7+1094071]
	GetHandleVerifier [0x006C6B46+1051686]
	Ordinal0 [0x004B5B06+1727238]
	Ordinal0 [0x004BEB7B+1764219]
	Ordinal0 [0x004BECE3+1764579]
	Ordinal0 [0x004D4C05+1854469]
	BaseThreadInitThunk [0x75AB6359+25]
	RtlGetAppContainerNamedObjectPath [0x77237C24+228]
	RtlGetAppContainerNamedObjectPath [0x77237BF4+180]
">
      <![CDATA[org.openqa.selenium.WebDriverException: unknown error: DevToolsActivePort file doesn't exist
Build info: version: '3.141.59', revision: 'e82be7d358', time: '2018-11-14T08:17:03'
System info: host: 'DESKTOP-PJTEI91', ip: '192.168.0.102', os.name: 'Windows 10', os.arch: 'amd64', os.version: '10.0', java.version: '1.8.0_144'
Driver info: driver.version: ChromeDriver
remote stacktrace: Backtrace:
	Ordinal0 [0x005A9563+2725219]
	Ordinal0 [0x004A8551+1672529]
	Ordinal0 [0x00390359+525145]
	Ordinal0 [0x003201A9+65961]
	Ordinal0 [0x0031D2A8+53928]
	Ordinal0 [0x0033CC37+183351]
	Ordinal0 [0x0033CA3D+182845]
	Ordinal0 [0x0033A94B+174411]
	Ordinal0 [0x00322528+75048]
	Ordinal0 [0x003235A0+79264]
	Ordinal0 [0x00323539+79161]
	Ordinal0 [0x004BD607+1758727]
	GetHandleVerifier [0x006C6546+1050150]
	GetHandleVerifier [0x006C6291+1049457]
	GetHandleVerifier [0x006D10D7+1094071]
	GetHandleVerifier [0x006C6B46+1051686]
	Ordinal0 [0x004B5B06+1727238]
	Ordinal0 [0x004BEB7B+1764219]
	Ordinal0 [0x004BECE3+1764579]
	Ordinal0 [0x004D4C05+1854469]
	BaseThreadInitThunk [0x75AB6359+25]
	RtlGetAppContainerNamedObjectPath [0x77237C24+228]
	RtlGetAppContainerNamedObjectPath [0x77237BF4+180]

	at sun.reflect.NativeConstructorAccessorImpl.newInstance0(Native Method)
	at sun.reflect.NativeConstructorAccessorImpl.newInstance(Unknown Source)
	at sun.reflect.DelegatingConstructorAccessorImpl.newInstance(Unknown Source)
	at java.lang.reflect.Constructor.newInstance(Unknown Source)
	at org.openqa.selenium.remote.W3CHandshakeResponse.lambda$errorHandler$0(W3CHandshakeResponse.java:62)
	at org.openqa.selenium.remote.HandshakeResponse.lambda$getResponseFunction$0(HandshakeResponse.java:30)
	at org.openqa.selenium.remote.ProtocolHandshake.lambda$createSession$0(ProtocolHandshake.java:126)
	at java.util.stream.ReferencePipeline$3$1.accept(Unknown Source)
	at java.util.Spliterators$ArraySpliterator.tryAdvance(Unknown Source)
	at java.util.stream.ReferencePipeline.forEachWithCancel(Unknown Source)
	at java.util.stream.AbstractPipeline.copyIntoWithCancel(Unknown Source)
	at java.util.stream.AbstractPipeline.copyInto(Unknown Source)
	at java.util.stream.AbstractPipeline.wrapAndCopyInto(Unknown Source)
	at java.util.stream.FindOps$FindOp.evaluateSequential(Unknown Source)
	at java.util.stream.AbstractPipeline.evaluate(Unknown Source)
	at java.util.stream.ReferencePipeline.findFirst(Unknown Source)
	at org.openqa.selenium.remote.ProtocolHandshake.createSession(ProtocolHandshake.java:128)
	at org.openqa.selenium.remote.ProtocolHandshake.createSession(ProtocolHandshake.java:74)
	at org.openqa.selenium.remote.HttpCommandExecutor.execute(HttpCommandExecutor.java:136)
	at org.openqa.selenium.remote.service.DriverCommandExecutor.execute(DriverCommandExecutor.java:83)
	at org.openqa.selenium.remote.RemoteWebDriver.execute(RemoteWebDriver.java:552)
	at org.openqa.selenium.remote.RemoteWebDriver.startSession(RemoteWebDriver.java:213)
	at org.openqa.selenium.remote.RemoteWebDriver.<init>(RemoteWebDriver.java:131)
	at org.openqa.selenium.chrome.ChromeDriver.<init>(ChromeDriver.java:181)
	at org.openqa.selenium.chrome.ChromeDriver.<init>(ChromeDriver.java:168)
	at org.openqa.selenium.chrome.ChromeDriver.<init>(ChromeDriver.java:123)
	at com.qa.base.TestBase.initialization(TestBase.java:55)
	at com.qa.testcases.Assignment1Ques1.setUp(Assignment1Ques1.java:26)
	at sun.reflect.NativeMethodAccessorImpl.invoke0(Native Method)
	at sun.reflect.NativeMethodAccessorImpl.invoke(Unknown Source)
	at sun.reflect.DelegatingMethodAccessorImpl.invoke(Unknown Source)
	at java.lang.reflect.Method.invoke(Unknown Source)
	at org.testng.internal.MethodInvocationHelper.invokeMethod(MethodInvocationHelper.java:86)
	at org.testng.internal.Invoker.invokeConfigurationMethod(Invoker.java:514)
	at org.testng.internal.Invoker.invokeConfigurations(Invoker.java:215)
	at org.testng.internal.Invoker.invokeMethod(Invoker.java:589)
	at org.testng.internal.Invoker.invokeTestMethod(Invoker.java:822)
	at org.testng.internal.Invoker.invokeTestMethods(Invoker.java:1130)
	at org.testng.internal.TestMethodWorker.invokeTestMethods(TestMethodWorker.java:129)
	at org.testng.internal.TestMethodWorker.run(TestMethodWorker.java:112)
	at org.testng.TestRunner.privateRun(TestRunner.java:782)
	at org.testng.TestRunner.run(TestRunner.java:632)
	at org.testng.SuiteRunner.runTest(SuiteRunner.java:366)
	at org.testng.SuiteRunner.runSequentially(SuiteRunner.java:361)
	at org.testng.SuiteRunner.privateRun(SuiteRunner.java:319)
	at org.testng.SuiteRunner.run(SuiteRunner.java:268)
	at org.testng.SuiteRunnerWorker.runSuite(SuiteRunnerWorker.java:52)
	at org.testng.SuiteRunnerWorker.run(SuiteRunnerWorker.java:86)
	at org.testng.TestNG.runSuitesSequentially(TestNG.java:1244)
	at org.testng.TestNG.runSuitesLocally(TestNG.java:1169)
	at org.testng.TestNG.run(TestNG.java:1064)
	at org.testng.remote.RemoteTestNG.run(RemoteTestNG.java:113)
	at org.testng.remote.RemoteTestNG.initAndRun(RemoteTestNG.java:206)
	at org.testng.remote.RemoteTestNG.main(RemoteTestNG.java:177)
]]>
    </failure>
  </testcase> <!-- @BeforeMethod setUp -->
  <testcase name="@AfterMethod actionaftrtest" time="0.0" classname="com.qa.testcases.Assignment1Ques1">
    <skipped/>
  </testcase> <!-- @AfterMethod actionaftrtest -->
  <testcase name="verificationSelectable" time="0.004" classname="com.qa.testcases.Assignment1Ques1">
    <skipped/>
  </testcase> <!-- verificationSelectable -->
</testsuite> <!-- Default test -->
